# Logfile created on Fri Jan 15 02:36:31 +0800 2010  [4;36;1mSQL (0.2ms)[0m   [0;1mSET NAMES 'UTF8'[0m
  [4;35;1mSQL (0.1ms)[0m   [0mSET SQL_AUTO_IS_NULL=0[0m
  [4;36;1mSQL (0.1ms)[0m   [0;1mBEGIN[0m
  [4;35;1mSQL (0.1ms)[0m   [0mROLLBACK[0m
  [4;36;1mSQL (0.2ms)[0m   [0;1mSET NAMES 'UTF8'[0m
  [4;35;1mSQL (0.1ms)[0m   [0mSET SQL_AUTO_IS_NULL=0[0m
  [4;36;1mSQL (0.1ms)[0m   [0;1mBEGIN[0m
  [4;35;1mSQL (0.1ms)[0m   [0mROLLBACK[0m
  [4;36;1mSQL (0.3ms)[0m   [0;1mSET NAMES 'UTF8'[0m
  [4;35;1mSQL (0.1ms)[0m   [0mSET SQL_AUTO_IS_NULL=0[0m
  [4;36;1mSQL (0.1ms)[0m   [0;1mBEGIN[0m
  [4;35;1mSQL (0.1ms)[0m   [0mROLLBACK[0m
  [4;36;1mSQL (0.3ms)[0m   [0;1mSET NAMES 'UTF8'[0m
  [4;35;1mSQL (0.1ms)[0m   [0mSET SQL_AUTO_IS_NULL=0[0m
  [4;36;1mSQL (0.1ms)[0m   [0;1mBEGIN[0m
  [4;35;1mSQL (0.1ms)[0m   [0mROLLBACK[0m
  [4;36;1mSQL (0.2ms)[0m   [0;1mSET NAMES 'UTF8'[0m
  [4;35;1mSQL (0.1ms)[0m   [0mSET SQL_AUTO_IS_NULL=0[0m
  [4;36;1mSQL (0.1ms)[0m   [0;1mBEGIN[0m
  [4;35;1mSQL (0.1ms)[0m   [0mROLLBACK[0m
  [4;36;1mSQL (0.2ms)[0m   [0;1mSET NAMES 'UTF8'[0m
  [4;35;1mSQL (0.1ms)[0m   [0mSET SQL_AUTO_IS_NULL=0[0m
  [4;36;1mSQL (0.1ms)[0m   [0;1mBEGIN[0m
  [4;35;1mSQL (0.1ms)[0m   [0mROLLBACK[0m
  [4;36;1mSQL (0.2ms)[0m   [0;1mSET NAMES 'UTF8'[0m
  [4;35;1mSQL (0.1ms)[0m   [0mSET SQL_AUTO_IS_NULL=0[0m
  [4;36;1mSQL (0.1ms)[0m   [0;1mBEGIN[0m


Processing SiteController#regist (for 127.0.0.1 at 2010-01-18 08:27:49) [GET]
  [4;35;1mSite Columns (1.6ms)[0m   [0mSHOW FIELDS FROM `sites`[0m
Rendering site/regist
Completed in 31ms (View: 24, DB: 2) | 200 OK [http://example.org/site/regist]
  [4;36;1mSQL (0.1ms)[0m   [0;1mROLLBACK[0m
  [4;36;1mSQL (0.2ms)[0m   [0;1mSET NAMES 'UTF8'[0m
  [4;35;1mSQL (0.1ms)[0m   [0mSET SQL_AUTO_IS_NULL=0[0m
  [4;36;1mSQL (0.1ms)[0m   [0;1mBEGIN[0m


Processing SiteController#regist (for 127.0.0.1 at 2010-01-18 08:30:34) [GET]
  [4;35;1mSite Columns (1.4ms)[0m   [0mSHOW FIELDS FROM `sites`[0m
Rendering site/regist
Completed in 27ms (View: 19, DB: 2) | 200 OK [http://example.org/site/regist]
  [4;36;1mSQL (0.1ms)[0m   [0;1mROLLBACK[0m
  [4;36;1mSQL (0.2ms)[0m   [0;1mSET NAMES 'UTF8'[0m
  [4;35;1mSQL (0.1ms)[0m   [0mSET SQL_AUTO_IS_NULL=0[0m
  [4;36;1mSQL (0.1ms)[0m   [0;1mBEGIN[0m


Processing SiteController#regist (for 127.0.0.1 at 2010-01-18 08:36:31) [GET]
  [4;35;1mSite Columns (1.4ms)[0m   [0mSHOW FIELDS FROM `sites`[0m
Rendering site/regist
Completed in 27ms (View: 19, DB: 2) | 200 OK [http://example.org/site/regist]
  [4;36;1mSQL (0.1ms)[0m   [0;1mROLLBACK[0m
  [4;36;1mSQL (0.2ms)[0m   [0;1mSET NAMES 'UTF8'[0m
  [4;35;1mSQL (0.1ms)[0m   [0mSET SQL_AUTO_IS_NULL=0[0m
  [4;36;1mSQL (0.1ms)[0m   [0;1mBEGIN[0m


Processing SiteController#regist (for 127.0.0.1 at 2010-01-18 08:37:32) [GET]
  [4;35;1mSite Columns (1.5ms)[0m   [0mSHOW FIELDS FROM `sites`[0m
Rendering site/regist
Completed in 27ms (View: 19, DB: 2) | 200 OK [http://example.org/site/regist]
  [4;36;1mSQL (0.1ms)[0m   [0;1mROLLBACK[0m
  [4;36;1mSQL (0.2ms)[0m   [0;1mSET NAMES 'UTF8'[0m
  [4;35;1mSQL (0.1ms)[0m   [0mSET SQL_AUTO_IS_NULL=0[0m
  [4;36;1mSQL (0.1ms)[0m   [0;1mBEGIN[0m


Processing SiteController#regist (for 127.0.0.1 at 2010-01-18 08:38:22) [GET]
  [4;35;1mSite Columns (1.4ms)[0m   [0mSHOW FIELDS FROM `sites`[0m
Rendering site/regist
Completed in 26ms (View: 19, DB: 2) | 200 OK [http://example.org/site/regist]
  [4;36;1mSQL (0.1ms)[0m   [0;1mROLLBACK[0m
  [4;36;1mSQL (0.2ms)[0m   [0;1mSET NAMES 'UTF8'[0m
  [4;35;1mSQL (0.1ms)[0m   [0mSET SQL_AUTO_IS_NULL=0[0m
  [4;36;1mSQL (0.1ms)[0m   [0;1mBEGIN[0m


Processing SiteController#regist (for 127.0.0.1 at 2010-01-18 08:39:57) [GET]
  [4;35;1mSite Columns (1.8ms)[0m   [0mSHOW FIELDS FROM `sites`[0m
Rendering site/regist
Completed in 26ms (View: 19, DB: 2) | 200 OK [http://example.org/site/regist]
  [4;36;1mSQL (0.1ms)[0m   [0;1mROLLBACK[0m
  [4;36;1mSQL (0.3ms)[0m   [0;1mSET NAMES 'UTF8'[0m
  [4;35;1mSQL (0.1ms)[0m   [0mSET SQL_AUTO_IS_NULL=0[0m
  [4;36;1mSQL (0.1ms)[0m   [0;1mBEGIN[0m


Processing SiteController#regist (for 127.0.0.1 at 2010-01-18 08:41:39) [GET]
  [4;35;1mSite Columns (1.4ms)[0m   [0mSHOW FIELDS FROM `sites`[0m
Rendering site/regist
Completed in 26ms (View: 19, DB: 2) | 200 OK [http://example.org/site/regist]
  [4;36;1mSQL (0.1ms)[0m   [0;1mROLLBACK[0m
  [4;36;1mSQL (0.2ms)[0m   [0;1mSET NAMES 'UTF8'[0m
  [4;35;1mSQL (0.1ms)[0m   [0mSET SQL_AUTO_IS_NULL=0[0m
  [4;36;1mSQL (0.1ms)[0m   [0;1mBEGIN[0m


Processing SiteController#regist (for 127.0.0.1 at 2010-01-18 08:42:24) [GET]
  [4;35;1mSite Columns (1.4ms)[0m   [0mSHOW FIELDS FROM `sites`[0m
Rendering site/regist
Completed in 27ms (View: 20, DB: 2) | 200 OK [http://example.org/site/regist]
  [4;36;1mSQL (0.1ms)[0m   [0;1mROLLBACK[0m
  [4;36;1mSQL (0.2ms)[0m   [0;1mSET NAMES 'UTF8'[0m
  [4;35;1mSQL (0.1ms)[0m   [0mSET SQL_AUTO_IS_NULL=0[0m
  [4;36;1mSQL (0.1ms)[0m   [0;1mBEGIN[0m


Processing SiteController#regist (for 127.0.0.1 at 2010-01-18 08:43:28) [GET]
  [4;35;1mSite Columns (1.4ms)[0m   [0mSHOW FIELDS FROM `sites`[0m
Rendering site/regist
Completed in 27ms (View: 20, DB: 2) | 200 OK [http://example.org/site/regist]
  [4;36;1mSQL (0.3ms)[0m   [0;1mROLLBACK[0m
  [4;36;1mSQL (0.2ms)[0m   [0;1mSET NAMES 'UTF8'[0m
  [4;35;1mSQL (0.1ms)[0m   [0mSET SQL_AUTO_IS_NULL=0[0m
  [4;36;1mSQL (0.1ms)[0m   [0;1mBEGIN[0m


Processing SiteController#regist (for 127.0.0.1 at 2010-01-18 08:44:12) [GET]
  [4;35;1mSite Columns (1.4ms)[0m   [0mSHOW FIELDS FROM `sites`[0m
Rendering site/regist
Completed in 27ms (View: 20, DB: 2) | 200 OK [http://example.org/site/regist]
  [4;36;1mSQL (0.1ms)[0m   [0;1mROLLBACK[0m
  [4;36;1mSQL (0.2ms)[0m   [0;1mSET NAMES 'UTF8'[0m
  [4;35;1mSQL (0.1ms)[0m   [0mSET SQL_AUTO_IS_NULL=0[0m
  [4;36;1mSQL (0.1ms)[0m   [0;1mBEGIN[0m


Processing SiteController#regist (for 127.0.0.1 at 2010-01-18 08:48:04) [GET]
  [4;35;1mSite Columns (1.4ms)[0m   [0mSHOW FIELDS FROM `sites`[0m
Rendering site/regist
Completed in 27ms (View: 20, DB: 2) | 200 OK [http://example.org/site/regist]


Processing SiteController#regist (for 127.0.0.1 at 2010-01-18 08:48:04) [POST]
  Parameters: {"name"=>"test-sp", "commit"=>"submit", "destroy_session_url"=>"dsry_url", "create_session_url"=>"crt_url", "ip"=>"1.2.3.4"}
  [4;36;1mSQL (0.1ms)[0m   [0;1mSAVEPOINT active_record_1[0m
  [4;35;1mSite Create (0.3ms)[0m   [0mINSERT INTO `sites` (`name`, `created_at`, `updated_at`, `regist_key`, `ip`) VALUES('test-sp', '2010-01-18 00:48:04', '2010-01-18 00:48:04', '0f872730-e5f9-012c-c168-0011254f08ff', '1.2.3.4')[0m
  [4;36;1mSQL (0.1ms)[0m   [0;1mRELEASE SAVEPOINT active_record_1[0m
  [4;35;1mUrl Columns (1.2ms)[0m   [0mSHOW FIELDS FROM `urls`[0m
  [4;36;1mSQL (0.1ms)[0m   [0;1mSAVEPOINT active_record_1[0m
  [4;35;1mUrl Create (0.3ms)[0m   [0mINSERT INTO `urls` (`created_at`, `updated_at`, `action`, `content`, `site_id`) VALUES('2010-01-18 00:48:04', '2010-01-18 00:48:04', 'create', 'crt_url', 1)[0m
  [4;36;1mSQL (0.1ms)[0m   [0;1mRELEASE SAVEPOINT active_record_1[0m
  [4;35;1mSQL (0.1ms)[0m   [0mSAVEPOINT active_record_1[0m
  [4;36;1mUrl Create (0.2ms)[0m   [0;1mINSERT INTO `urls` (`created_at`, `updated_at`, `action`, `content`, `site_id`) VALUES('2010-01-18 00:48:04', '2010-01-18 00:48:04', 'destroy', 'dsry_url', 1)[0m
  [4;35;1mSQL (0.1ms)[0m   [0mRELEASE SAVEPOINT active_record_1[0m
Completed in 43ms (View: 1, DB: 3) | 200 OK [http://example.org/site/regist]
  [4;36;1mSQL (6.6ms)[0m   [0;1mROLLBACK[0m
  [4;36;1mSQL (0.2ms)[0m   [0;1mSET NAMES 'UTF8'[0m
  [4;35;1mSQL (0.1ms)[0m   [0mSET SQL_AUTO_IS_NULL=0[0m
  [4;36;1mSQL (0.1ms)[0m   [0;1mBEGIN[0m


Processing SiteController#regist (for 127.0.0.1 at 2010-01-19 01:56:25) [GET]
  [4;35;1mSite Columns (1.5ms)[0m   [0mSHOW FIELDS FROM `sites`[0m
Rendering site/regist
Completed in 26ms (View: 20, DB: 2) | 200 OK [http://example.org/site/regist]


Processing SiteController#regist (for 127.0.0.1 at 2010-01-19 01:56:25) [POST]
  Parameters: {"name"=>"test-sp", "commit"=>"submit", "destroy_session_url"=>"dsry_url", "create_session_url"=>"crt_url", "ip"=>"1.2.3.4"}
  [4;36;1mSQL (0.1ms)[0m   [0;1mSAVEPOINT active_record_1[0m
  [4;35;1mSite Create (0.3ms)[0m   [0mINSERT INTO `sites` (`name`, `created_at`, `updated_at`, `regist_key`, `ip`) VALUES('test-sp', '2010-01-18 17:56:25', '2010-01-18 17:56:25', 'b7feaca0-e688-012c-c169-0011254f08ff', '1.2.3.4')[0m
  [4;36;1mSQL (0.1ms)[0m   [0;1mRELEASE SAVEPOINT active_record_1[0m
  [4;35;1mUrl Columns (1.2ms)[0m   [0mSHOW FIELDS FROM `urls`[0m
  [4;36;1mSQL (0.1ms)[0m   [0;1mSAVEPOINT active_record_1[0m
  [4;35;1mUrl Create (0.3ms)[0m   [0mINSERT INTO `urls` (`created_at`, `updated_at`, `action`, `content`, `site_id`) VALUES('2010-01-18 17:56:25', '2010-01-18 17:56:25', 'create', 'crt_url', 1)[0m
  [4;36;1mSQL (0.1ms)[0m   [0;1mRELEASE SAVEPOINT active_record_1[0m
  [4;35;1mSQL (0.1ms)[0m   [0mSAVEPOINT active_record_1[0m
  [4;36;1mUrl Create (0.2ms)[0m   [0;1mINSERT INTO `urls` (`created_at`, `updated_at`, `action`, `content`, `site_id`) VALUES('2010-01-18 17:56:25', '2010-01-18 17:56:25', 'destroy', 'dsry_url', 1)[0m
  [4;35;1mSQL (0.1ms)[0m   [0mRELEASE SAVEPOINT active_record_1[0m
Completed in 44ms (View: 1, DB: 3) | 200 OK [http://example.org/site/regist]
  [4;36;1mSQL (1.1ms)[0m   [0;1mROLLBACK[0m
  [4;35;1mSQL (0.1ms)[0m   [0mBEGIN[0m
  [4;36;1mSQL (0.1ms)[0m   [0;1mROLLBACK[0m
  [4;36;1mSQL (0.2ms)[0m   [0;1mSET NAMES 'UTF8'[0m
  [4;35;1mSQL (0.1ms)[0m   [0mSET SQL_AUTO_IS_NULL=0[0m
  [4;36;1mSQL (0.1ms)[0m   [0;1mBEGIN[0m


Processing SiteController#regist (for 127.0.0.1 at 2010-01-19 01:58:14) [GET]
  [4;35;1mSite Columns (1.4ms)[0m   [0mSHOW FIELDS FROM `sites`[0m
Rendering site/regist
Completed in 26ms (View: 19, DB: 2) | 200 OK [http://example.org/site/regist]


Processing SiteController#regist (for 127.0.0.1 at 2010-01-19 01:58:14) [POST]
  Parameters: {"name"=>"test-sp", "commit"=>"submit", "destroy_session_url"=>"dsry_url", "create_session_url"=>"crt_url", "ip"=>"1.2.3.4"}
  [4;36;1mSQL (0.1ms)[0m   [0;1mSAVEPOINT active_record_1[0m
  [4;35;1mSite Create (0.3ms)[0m   [0mINSERT INTO `sites` (`name`, `created_at`, `updated_at`, `regist_key`, `ip`) VALUES('test-sp', '2010-01-18 17:58:14', '2010-01-18 17:58:14', 'f903e500-e688-012c-c16a-0011254f08ff', '1.2.3.4')[0m
  [4;36;1mSQL (0.1ms)[0m   [0;1mRELEASE SAVEPOINT active_record_1[0m
  [4;35;1mUrl Columns (1.2ms)[0m   [0mSHOW FIELDS FROM `urls`[0m
  [4;36;1mSQL (0.1ms)[0m   [0;1mSAVEPOINT active_record_1[0m
  [4;35;1mUrl Create (0.3ms)[0m   [0mINSERT INTO `urls` (`created_at`, `updated_at`, `action`, `content`, `site_id`) VALUES('2010-01-18 17:58:14', '2010-01-18 17:58:14', 'create', 'crt_url', 1)[0m
  [4;36;1mSQL (0.1ms)[0m   [0;1mRELEASE SAVEPOINT active_record_1[0m
  [4;35;1mSQL (0.1ms)[0m   [0mSAVEPOINT active_record_1[0m
  [4;36;1mUrl Create (0.2ms)[0m   [0;1mINSERT INTO `urls` (`created_at`, `updated_at`, `action`, `content`, `site_id`) VALUES('2010-01-18 17:58:14', '2010-01-18 17:58:14', 'destroy', 'dsry_url', 1)[0m
  [4;35;1mSQL (0.1ms)[0m   [0mRELEASE SAVEPOINT active_record_1[0m
Completed in 43ms (View: 1, DB: 3) | 200 OK [http://example.org/site/regist]
  [4;36;1mSQL (1.2ms)[0m   [0;1mROLLBACK[0m
  [4;35;1mSQL (0.1ms)[0m   [0mBEGIN[0m
  [4;36;1mSQL (0.1ms)[0m   [0;1mSAVEPOINT active_record_1[0m
  [4;35;1mSite Create (0.3ms)[0m   [0mINSERT INTO `sites` (`name`, `created_at`, `updated_at`, `regist_key`, `ip`) VALUES('kerker', '2010-01-18 17:58:14', '2010-01-18 17:58:14', '1234567890', '1.1.1.1')[0m
  [4;36;1mSQL (0.1ms)[0m   [0;1mRELEASE SAVEPOINT active_record_1[0m
  [4;35;1mSQL (0.7ms)[0m   [0mROLLBACK[0m
  [4;36;1mSQL (0.2ms)[0m   [0;1mSET NAMES 'UTF8'[0m
  [4;35;1mSQL (0.1ms)[0m   [0mSET SQL_AUTO_IS_NULL=0[0m
  [4;36;1mSQL (0.1ms)[0m   [0;1mBEGIN[0m
  [4;35;1mSite Columns (1.4ms)[0m   [0mSHOW FIELDS FROM `sites`[0m
  [4;36;1mSQL (0.1ms)[0m   [0;1mSAVEPOINT active_record_1[0m
  [4;35;1mSite Create (0.3ms)[0m   [0mINSERT INTO `sites` (`name`, `created_at`, `updated_at`, `regist_key`, `ip`) VALUES('kerker', '2010-01-18 17:59:30', '2010-01-18 17:59:30', '1234567890', '1.1.1.1')[0m
  [4;36;1mSQL (0.1ms)[0m   [0;1mRELEASE SAVEPOINT active_record_1[0m


Processing SiteController#deregist (for 127.0.0.1 at 2010-01-19 01:59:30) [GET]


Processing ApplicationController#deregist (for 127.0.0.1 at 2010-01-19 01:59:30) [GET]
  [4;35;1mSQL (1.0ms)[0m   [0mROLLBACK[0m
  [4;36;1mSQL (0.2ms)[0m   [0;1mSET NAMES 'UTF8'[0m
  [4;35;1mSQL (0.1ms)[0m   [0mSET SQL_AUTO_IS_NULL=0[0m
  [4;36;1mSQL (0.1ms)[0m   [0;1mBEGIN[0m
  [4;35;1mSite Columns (1.4ms)[0m   [0mSHOW FIELDS FROM `sites`[0m
  [4;36;1mSQL (0.1ms)[0m   [0;1mSAVEPOINT active_record_1[0m
  [4;35;1mSite Create (0.3ms)[0m   [0mINSERT INTO `sites` (`name`, `created_at`, `updated_at`, `regist_key`, `ip`) VALUES('kerker', '2010-01-18 18:00:02', '2010-01-18 18:00:02', '1234567890', '1.1.1.1')[0m
  [4;36;1mSQL (0.1ms)[0m   [0;1mRELEASE SAVEPOINT active_record_1[0m


Processing SiteController#deregist (for 127.0.0.1 at 2010-01-19 02:00:03) [GET]


Processing ApplicationController#deregist (for 127.0.0.1 at 2010-01-19 02:00:03) [GET]
  [4;35;1mSQL (1.1ms)[0m   [0mROLLBACK[0m
  [4;36;1mSQL (0.2ms)[0m   [0;1mSET NAMES 'UTF8'[0m
  [4;35;1mSQL (0.1ms)[0m   [0mSET SQL_AUTO_IS_NULL=0[0m
  [4;36;1mSQL (0.1ms)[0m   [0;1mBEGIN[0m
  [4;35;1mSite Columns (1.4ms)[0m   [0mSHOW FIELDS FROM `sites`[0m
  [4;36;1mSQL (0.1ms)[0m   [0;1mSAVEPOINT active_record_1[0m
  [4;35;1mSite Create (0.3ms)[0m   [0mINSERT INTO `sites` (`name`, `created_at`, `updated_at`, `regist_key`, `ip`) VALUES('kerker', '2010-01-18 18:02:01', '2010-01-18 18:02:01', '1234567890', '1.1.1.1')[0m
  [4;36;1mSQL (0.1ms)[0m   [0;1mRELEASE SAVEPOINT active_record_1[0m


Processing SiteController#deregist (for 127.0.0.1 at 2010-01-19 02:02:01) [GET]
Rendering site/deregist
Completed in 9ms (View: 5, DB: 2) | 200 OK [http://example.org/site/deregist]


Processing SiteController#deregist (for 127.0.0.1 at 2010-01-19 02:02:01) [POST]
  Parameters: {"commit"=>"submit", "regist_key"=>"1234567890"}
  [4;35;1mSite Load (0.3ms)[0m   [0mSELECT * FROM `sites` WHERE (`sites`.`regist_key` IS NULL) LIMIT 1[0m


Processing ApplicationController#deregist (for 127.0.0.1 at 2010-01-19 02:02:01) [POST]
  Parameters: {"commit"=>"submit", "regist_key"=>"1234567890"}
  [4;36;1mSQL (1.1ms)[0m   [0;1mROLLBACK[0m
  [4;36;1mSQL (0.2ms)[0m   [0;1mSET NAMES 'UTF8'[0m
  [4;35;1mSQL (0.1ms)[0m   [0mSET SQL_AUTO_IS_NULL=0[0m
  [4;36;1mSQL (0.1ms)[0m   [0;1mBEGIN[0m
  [4;35;1mSite Columns (1.4ms)[0m   [0mSHOW FIELDS FROM `sites`[0m
  [4;36;1mSQL (0.1ms)[0m   [0;1mSAVEPOINT active_record_1[0m
  [4;35;1mSite Create (0.7ms)[0m   [0mINSERT INTO `sites` (`name`, `created_at`, `updated_at`, `regist_key`, `ip`) VALUES('kerker', '2010-01-18 18:06:43', '2010-01-18 18:06:43', '1234567890', '1.1.1.1')[0m
  [4;36;1mSQL (0.1ms)[0m   [0;1mRELEASE SAVEPOINT active_record_1[0m


Processing SiteController#deregist (for 127.0.0.1 at 2010-01-19 02:06:43) [GET]
Rendering site/deregist
Completed in 9ms (View: 5, DB: 3) | 200 OK [http://example.org/site/deregist]


Processing SiteController#deregist (for 127.0.0.1 at 2010-01-19 02:06:43) [POST]
  Parameters: {"commit"=>"submit", "regist_key"=>"1234567890"}
  [4;35;1mSite Load (0.4ms)[0m   [0mSELECT * FROM `sites` WHERE (`sites`.`regist_key` IS NULL) LIMIT 1[0m


Processing ApplicationController#deregist (for 127.0.0.1 at 2010-01-19 02:06:43) [POST]
  Parameters: {"commit"=>"submit", "regist_key"=>"1234567890"}
  [4;36;1mSQL (1.1ms)[0m   [0;1mROLLBACK[0m
  [4;36;1mSQL (0.2ms)[0m   [0;1mSET NAMES 'UTF8'[0m
  [4;35;1mSQL (0.1ms)[0m   [0mSET SQL_AUTO_IS_NULL=0[0m
  [4;36;1mSQL (0.1ms)[0m   [0;1mBEGIN[0m
  [4;35;1mSite Columns (1.4ms)[0m   [0mSHOW FIELDS FROM `sites`[0m
  [4;36;1mSQL (0.1ms)[0m   [0;1mSAVEPOINT active_record_1[0m
  [4;35;1mSite Create (0.3ms)[0m   [0mINSERT INTO `sites` (`name`, `created_at`, `updated_at`, `regist_key`, `ip`) VALUES('kerker', '2010-01-18 18:07:27', '2010-01-18 18:07:27', '1234567890', '1.1.1.1')[0m
  [4;36;1mSQL (0.1ms)[0m   [0;1mRELEASE SAVEPOINT active_record_1[0m


Processing SiteController#deregist (for 127.0.0.1 at 2010-01-19 02:07:27) [GET]
Rendering site/deregist
Completed in 12ms (View: 7, DB: 2) | 200 OK [http://example.org/site/deregist]


Processing SiteController#deregist (for 127.0.0.1 at 2010-01-19 02:07:27) [POST]
  Parameters: {"commit"=>"submit", "regist_key"=>"1234567890"}
  [4;35;1mSite Load (0.4ms)[0m   [0mSELECT * FROM `sites` WHERE (`sites`.`regist_key` = '1234567890') LIMIT 1[0m
  [4;36;1mSite Delete all (0.3ms)[0m   [0;1mDELETE FROM `sites` WHERE (`id` IN (1)) [0m
Rendering site/deregist
Completed in 5ms (View: 2, DB: 1) | 200 OK [http://example.org/site/deregist]
  [4;35;1mSQL (1.1ms)[0m   [0mROLLBACK[0m
  [4;36;1mSQL (0.2ms)[0m   [0;1mSET NAMES 'UTF8'[0m
  [4;35;1mSQL (0.1ms)[0m   [0mSET SQL_AUTO_IS_NULL=0[0m
  [4;36;1mSQL (0.1ms)[0m   [0;1mBEGIN[0m
  [4;35;1mSite Columns (1.4ms)[0m   [0mSHOW FIELDS FROM `sites`[0m
  [4;36;1mSQL (0.1ms)[0m   [0;1mSAVEPOINT active_record_1[0m
  [4;35;1mSite Create (0.3ms)[0m   [0mINSERT INTO `sites` (`name`, `created_at`, `updated_at`, `regist_key`, `ip`) VALUES('kerker', '2010-01-18 18:09:13', '2010-01-18 18:09:13', '1234567890', '1.1.1.1')[0m
  [4;36;1mSQL (0.1ms)[0m   [0;1mRELEASE SAVEPOINT active_record_1[0m


Processing SiteController#deregist (for 127.0.0.1 at 2010-01-19 02:09:13) [GET]
Rendering site/deregist
Completed in 9ms (View: 5, DB: 2) | 200 OK [http://example.org/site/deregist]


Processing SiteController#deregist (for 127.0.0.1 at 2010-01-19 02:09:13) [POST]
  Parameters: {"commit"=>"submit", "regist_key"=>"1234567890"}
  [4;35;1mSite Load (0.4ms)[0m   [0mSELECT * FROM `sites` WHERE (`sites`.`regist_key` = '1234567890') LIMIT 1[0m
  [4;36;1mSite Delete all (0.3ms)[0m   [0;1mDELETE FROM `sites` WHERE (`id` IN (1)) [0m
Rendering site/deregist
Completed in 6ms (View: 3, DB: 1) | 200 OK [http://example.org/site/deregist]
  [4;35;1mSQL (1.1ms)[0m   [0mROLLBACK[0m
  [4;36;1mSQL (0.3ms)[0m   [0;1mSET NAMES 'UTF8'[0m
  [4;35;1mSQL (0.1ms)[0m   [0mSET SQL_AUTO_IS_NULL=0[0m
  [4;36;1mSQL (0.1ms)[0m   [0;1mBEGIN[0m
  [4;35;1mSite Columns (1.4ms)[0m   [0mSHOW FIELDS FROM `sites`[0m
  [4;36;1mSQL (0.1ms)[0m   [0;1mSAVEPOINT active_record_1[0m
  [4;35;1mSite Create (0.3ms)[0m   [0mINSERT INTO `sites` (`name`, `created_at`, `updated_at`, `regist_key`, `ip`) VALUES('kerker', '2010-01-18 18:09:42', '2010-01-18 18:09:42', '1234567890', '1.1.1.1')[0m
  [4;36;1mSQL (0.1ms)[0m   [0;1mRELEASE SAVEPOINT active_record_1[0m


Processing SiteController#deregist (for 127.0.0.1 at 2010-01-19 02:09:42) [GET]
Rendering site/deregist
Completed in 9ms (View: 5, DB: 2) | 200 OK [http://example.org/site/deregist]


Processing SiteController#deregist (for 127.0.0.1 at 2010-01-19 02:09:42) [POST]
  Parameters: {"commit"=>"submit", "regist_key"=>"1234567890"}
  [4;35;1mSite Load (0.4ms)[0m   [0mSELECT * FROM `sites` WHERE (`sites`.`regist_key` = '1234567890') LIMIT 1[0m
  [4;36;1mSite Delete all (0.3ms)[0m   [0;1mDELETE FROM `sites` WHERE (`id` IN (1)) [0m
Completed in 4ms (View: 1, DB: 1) | 200 OK [http://example.org/site/deregist]
  [4;35;1mSQL (1.1ms)[0m   [0mROLLBACK[0m
  [4;36;1mSQL (0.2ms)[0m   [0;1mSET NAMES 'UTF8'[0m
  [4;35;1mSQL (0.1ms)[0m   [0mSET SQL_AUTO_IS_NULL=0[0m
  [4;36;1mSQL (0.1ms)[0m   [0;1mBEGIN[0m


Processing SiteController#regist (for 127.0.0.1 at 2010-01-19 06:41:01) [GET]
  [4;35;1mSite Columns (1.6ms)[0m   [0mSHOW FIELDS FROM `sites`[0m
Rendering site/regist
Completed in 58ms (View: 51, DB: 2) | 200 OK [http://example.org/site/regist]


Processing SiteController#regist (for 127.0.0.1 at 2010-01-19 06:41:01) [POST]
  Parameters: {"name"=>"test-sp", "commit"=>"submit", "destroy_session_url"=>"dsry_url", "create_session_url"=>"crt_url", "ip"=>"1.2.3.4"}
  [4;36;1mSQL (0.1ms)[0m   [0;1mSAVEPOINT active_record_1[0m
  [4;35;1mSite Create (0.3ms)[0m   [0mINSERT INTO `sites` (`name`, `created_at`, `updated_at`, `regist_key`, `ip`) VALUES('test-sp', '2010-01-18 22:41:01', '2010-01-18 22:41:01', '7a1c9c90-e6b0-012c-c16b-0011254f08ff', '1.2.3.4')[0m
  [4;36;1mSQL (0.1ms)[0m   [0;1mRELEASE SAVEPOINT active_record_1[0m
  [4;35;1mUrl Columns (1.2ms)[0m   [0mSHOW FIELDS FROM `urls`[0m
  [4;36;1mSQL (0.1ms)[0m   [0;1mSAVEPOINT active_record_1[0m
  [4;35;1mUrl Create (0.3ms)[0m   [0mINSERT INTO `urls` (`created_at`, `updated_at`, `action`, `content`, `site_id`) VALUES('2010-01-18 22:41:01', '2010-01-18 22:41:01', 'create', 'crt_url', 1)[0m
  [4;36;1mSQL (0.1ms)[0m   [0;1mRELEASE SAVEPOINT active_record_1[0m
  [4;35;1mSQL (0.1ms)[0m   [0mSAVEPOINT active_record_1[0m
  [4;36;1mUrl Create (0.3ms)[0m   [0;1mINSERT INTO `urls` (`created_at`, `updated_at`, `action`, `content`, `site_id`) VALUES('2010-01-18 22:41:01', '2010-01-18 22:41:01', 'destroy', 'dsry_url', 1)[0m
  [4;35;1mSQL (0.1ms)[0m   [0mRELEASE SAVEPOINT active_record_1[0m
Completed in 105ms (View: 1, DB: 3) | 200 OK [http://example.org/site/regist]
  [4;36;1mSQL (1.0ms)[0m   [0;1mROLLBACK[0m
  [4;35;1mSQL (0.1ms)[0m   [0mBEGIN[0m
  [4;36;1mSQL (0.1ms)[0m   [0;1mSAVEPOINT active_record_1[0m
  [4;35;1mSite Create (0.3ms)[0m   [0mINSERT INTO `sites` (`name`, `created_at`, `updated_at`, `regist_key`, `ip`) VALUES('kerker', '2010-01-18 22:41:01', '2010-01-18 22:41:01', '1234567890', '1.1.1.1')[0m
  [4;36;1mSQL (0.1ms)[0m   [0;1mRELEASE SAVEPOINT active_record_1[0m


Processing SiteController#deregist (for 127.0.0.1 at 2010-01-19 06:41:01) [GET]
Rendering site/deregist
Completed in 4ms (View: 3, DB: 2) | 200 OK [http://example.org/site/deregist]


Processing SiteController#deregist (for 127.0.0.1 at 2010-01-19 06:41:01) [POST]
  Parameters: {"commit"=>"submit", "regist_key"=>"1234567890"}
  [4;35;1mSite Load (0.4ms)[0m   [0mSELECT * FROM `sites` WHERE (`sites`.`regist_key` = '1234567890') LIMIT 1[0m
  [4;36;1mSite Delete all (0.3ms)[0m   [0;1mDELETE FROM `sites` WHERE (`id` IN (2)) [0m
Completed in 4ms (View: 1, DB: 1) | 200 OK [http://example.org/site/deregist]
  [4;35;1mSQL (1.0ms)[0m   [0mROLLBACK[0m
  [4;36;1mSQL (0.1ms)[0m   [0;1mBEGIN[0m
  [4;35;1mSQL (0.1ms)[0m   [0mSAVEPOINT active_record_1[0m
  [4;36;1mSite Create (0.3ms)[0m   [0;1mINSERT INTO `sites` (`name`, `created_at`, `updated_at`, `regist_key`, `ip`) VALUES('kerker', '2010-01-18 22:41:01', '2010-01-18 22:41:01', '1234567890', '1.1.1.1')[0m
  [4;35;1mSQL (0.1ms)[0m   [0mRELEASE SAVEPOINT active_record_1[0m
  [4;36;1mSession Columns (1.2ms)[0m   [0;1mSHOW FIELDS FROM `sessions`[0m
  [4;35;1mSQL (1.0ms)[0m   [0mROLLBACK[0m
  [4;36;1mSQL (0.2ms)[0m   [0;1mSET NAMES 'UTF8'[0m
  [4;35;1mSQL (0.1ms)[0m   [0mSET SQL_AUTO_IS_NULL=0[0m
  [4;36;1mSQL (0.1ms)[0m   [0;1mBEGIN[0m
  [4;35;1mSite Columns (1.5ms)[0m   [0mSHOW FIELDS FROM `sites`[0m
  [4;36;1mSQL (0.1ms)[0m   [0;1mSAVEPOINT active_record_1[0m
  [4;35;1mSite Create (0.3ms)[0m   [0mINSERT INTO `sites` (`name`, `created_at`, `updated_at`, `regist_key`, `ip`) VALUES('kerker', '2010-01-18 22:56:32', '2010-01-18 22:56:32', '1234567890', '1.1.1.1')[0m
  [4;36;1mSQL (0.1ms)[0m   [0;1mRELEASE SAVEPOINT active_record_1[0m
  [4;35;1mSession Columns (1.2ms)[0m   [0mSHOW FIELDS FROM `sessions`[0m
  [4;36;1mSQL (1.0ms)[0m   [0;1mROLLBACK[0m
  [4;36;1mSQL (0.2ms)[0m   [0;1mSET NAMES 'UTF8'[0m
  [4;35;1mSQL (0.1ms)[0m   [0mSET SQL_AUTO_IS_NULL=0[0m
  [4;36;1mSQL (0.1ms)[0m   [0;1mBEGIN[0m
  [4;35;1mSite Columns (1.6ms)[0m   [0mSHOW FIELDS FROM `sites`[0m
  [4;36;1mSQL (0.1ms)[0m   [0;1mSAVEPOINT active_record_1[0m
  [4;35;1mSite Create (0.3ms)[0m   [0mINSERT INTO `sites` (`name`, `created_at`, `updated_at`, `regist_key`, `ip`) VALUES('kerker', '2010-01-18 23:03:14', '2010-01-18 23:03:14', '1234567890', '1.1.1.1')[0m
  [4;36;1mSQL (0.1ms)[0m   [0;1mRELEASE SAVEPOINT active_record_1[0m
  [4;35;1mSession Columns (1.3ms)[0m   [0mSHOW FIELDS FROM `sessions`[0m
  [4;36;1mSQL (0.1ms)[0m   [0;1mSAVEPOINT active_record_1[0m
  [4;35;1mSession Create (0.3ms)[0m   [0mINSERT INTO `sessions` (`created_at`, `session_key`, `updated_at`, `user_id`, `ip`, `login_time`) VALUES('2010-01-18 23:03:14', 'abcd223456789def', '2010-01-18 23:03:14', 10001, '2.2.2.2', NULL)[0m
  [4;36;1mSQL (0.1ms)[0m   [0;1mRELEASE SAVEPOINT active_record_1[0m
  [4;35;1mUser Columns (1.2ms)[0m   [0mSHOW FIELDS FROM `users`[0m
WARNING: Can't mass-assign these protected attributes: id
  [4;36;1mSQL (0.1ms)[0m   [0;1mSAVEPOINT active_record_1[0m
  [4;35;1mUser Create (0.3ms)[0m   [0mINSERT INTO `users` (`name`, `created_at`, `updated_at`, `email`) VALUES('test_user', '2010-01-18 23:03:14', '2010-01-18 23:03:14', 'tim@iis.ccc.xd')[0m
  [4;36;1mSQL (0.1ms)[0m   [0;1mRELEASE SAVEPOINT active_record_1[0m


Processing SiteController#fetch (for 127.0.0.1 at 2010-01-19 07:03:14) [GET]


Processing ApplicationController#fetch (for 127.0.0.1 at 2010-01-19 07:03:14) [GET]
  [4;35;1mSQL (1.0ms)[0m   [0mROLLBACK[0m
  [4;36;1mSQL (0.2ms)[0m   [0;1mSET NAMES 'UTF8'[0m
  [4;35;1mSQL (0.1ms)[0m   [0mSET SQL_AUTO_IS_NULL=0[0m
  [4;36;1mSQL (0.1ms)[0m   [0;1mBEGIN[0m
  [4;35;1mSite Columns (1.4ms)[0m   [0mSHOW FIELDS FROM `sites`[0m
  [4;36;1mSQL (0.1ms)[0m   [0;1mSAVEPOINT active_record_1[0m
  [4;35;1mSite Create (0.3ms)[0m   [0mINSERT INTO `sites` (`name`, `created_at`, `updated_at`, `regist_key`, `ip`) VALUES('kerker', '2010-01-18 23:10:25', '2010-01-18 23:10:25', '1234567890', '1.1.1.1')[0m
  [4;36;1mSQL (0.1ms)[0m   [0;1mRELEASE SAVEPOINT active_record_1[0m
  [4;35;1mSession Columns (1.2ms)[0m   [0mSHOW FIELDS FROM `sessions`[0m
  [4;36;1mSQL (0.1ms)[0m   [0;1mSAVEPOINT active_record_1[0m
  [4;35;1mSession Create (0.3ms)[0m   [0mINSERT INTO `sessions` (`created_at`, `session_key`, `updated_at`, `user_id`, `ip`, `login_time`) VALUES('2010-01-18 23:10:25', 'abcd223456789def', '2010-01-18 23:10:25', 10001, '2.2.2.2', NULL)[0m
  [4;36;1mSQL (0.1ms)[0m   [0;1mRELEASE SAVEPOINT active_record_1[0m
  [4;35;1mUser Columns (1.2ms)[0m   [0mSHOW FIELDS FROM `users`[0m
WARNING: Can't mass-assign these protected attributes: id
  [4;36;1mSQL (0.1ms)[0m   [0;1mSAVEPOINT active_record_1[0m
  [4;35;1mUser Create (0.2ms)[0m   [0mINSERT INTO `users` (`name`, `created_at`, `updated_at`, `email`) VALUES('test_user', '2010-01-18 23:10:25', '2010-01-18 23:10:25', 'tim@iis.ccc.xd')[0m
  [4;36;1mSQL (0.1ms)[0m   [0;1mRELEASE SAVEPOINT active_record_1[0m


Processing SiteController#fetch (for 127.0.0.1 at 2010-01-19 07:10:25) [GET]
Rendering site/fetch
Completed in 9ms (View: 6, DB: 6) | 200 OK [http://example.org/site/fetch]


Processing SiteController#fetch (for 127.0.0.1 at 2010-01-19 07:10:25) [POST]
  Parameters: {"commit"=>"submit", "session_key"=>"abcd123456789def", "regist_key"=>"12345678"}
  [4;35;1mSite Load (0.4ms)[0m   [0mSELECT * FROM `sites` WHERE (`sites`.`regist_key` = '12345678') LIMIT 1[0m
Completed in 3ms (View: 1, DB: 0) | 200 OK [http://example.org/site/fetch]
  [4;36;1mSQL (1.0ms)[0m   [0;1mROLLBACK[0m
  [4;36;1mSQL (0.2ms)[0m   [0;1mSET NAMES 'UTF8'[0m
  [4;35;1mSQL (0.1ms)[0m   [0mSET SQL_AUTO_IS_NULL=0[0m
  [4;36;1mSQL (0.1ms)[0m   [0;1mBEGIN[0m
  [4;35;1mSite Columns (1.4ms)[0m   [0mSHOW FIELDS FROM `sites`[0m
  [4;36;1mSQL (0.1ms)[0m   [0;1mSAVEPOINT active_record_1[0m
  [4;35;1mSite Create (0.3ms)[0m   [0mINSERT INTO `sites` (`name`, `created_at`, `updated_at`, `regist_key`, `ip`) VALUES('kerker', '2010-01-18 23:13:56', '2010-01-18 23:13:56', '1234567890', '1.1.1.1')[0m
  [4;36;1mSQL (0.1ms)[0m   [0;1mRELEASE SAVEPOINT active_record_1[0m
  [4;35;1mSession Columns (1.3ms)[0m   [0mSHOW FIELDS FROM `sessions`[0m
  [4;36;1mSQL (0.1ms)[0m   [0;1mSAVEPOINT active_record_1[0m
  [4;35;1mSession Create (0.3ms)[0m   [0mINSERT INTO `sessions` (`created_at`, `session_key`, `updated_at`, `user_id`, `ip`, `login_time`) VALUES('2010-01-18 23:13:56', 'abcd223456789def', '2010-01-18 23:13:56', 10001, '2.2.2.2', NULL)[0m
  [4;36;1mSQL (0.1ms)[0m   [0;1mRELEASE SAVEPOINT active_record_1[0m
  [4;35;1mUser Columns (1.1ms)[0m   [0mSHOW FIELDS FROM `users`[0m
WARNING: Can't mass-assign these protected attributes: id
  [4;36;1mSQL (0.1ms)[0m   [0;1mSAVEPOINT active_record_1[0m
  [4;35;1mUser Create (0.2ms)[0m   [0mINSERT INTO `users` (`name`, `created_at`, `updated_at`, `email`) VALUES('test_user', '2010-01-18 23:13:56', '2010-01-18 23:13:56', 'tim@iis.ccc.xd')[0m
  [4;36;1mSQL (0.1ms)[0m   [0;1mRELEASE SAVEPOINT active_record_1[0m


Processing SiteController#fetch (for 127.0.0.1 at 2010-01-19 07:13:56) [GET]
Rendering site/fetch
Completed in 10ms (View: 6, DB: 6) | 200 OK [http://example.org/site/fetch]


Processing SiteController#fetch (for 127.0.0.1 at 2010-01-19 07:13:56) [POST]
  Parameters: {"commit"=>"submit", "session_key"=>"abcd123456789def", "regist_key"=>"12345678"}
  [4;35;1mSite Load (0.4ms)[0m   [0mSELECT * FROM `sites` WHERE (`sites`.`regist_key` = '12345678') LIMIT 1[0m
Completed in 3ms (View: 1, DB: 0) | 200 OK [http://example.org/site/fetch]
  [4;36;1mSQL (1.1ms)[0m   [0;1mROLLBACK[0m
  [4;36;1mSQL (0.2ms)[0m   [0;1mSET NAMES 'UTF8'[0m
  [4;35;1mSQL (0.1ms)[0m   [0mSET SQL_AUTO_IS_NULL=0[0m
  [4;36;1mSQL (0.1ms)[0m   [0;1mBEGIN[0m
  [4;35;1mSite Columns (1.5ms)[0m   [0mSHOW FIELDS FROM `sites`[0m
  [4;36;1mSQL (0.1ms)[0m   [0;1mSAVEPOINT active_record_1[0m
  [4;35;1mSite Create (0.3ms)[0m   [0mINSERT INTO `sites` (`name`, `created_at`, `updated_at`, `regist_key`, `ip`) VALUES('kerker', '2010-01-19 18:54:44', '2010-01-19 18:54:44', '1234567890', '1.1.1.1')[0m
  [4;36;1mSQL (0.1ms)[0m   [0;1mRELEASE SAVEPOINT active_record_1[0m
  [4;35;1mSession Columns (1.2ms)[0m   [0mSHOW FIELDS FROM `sessions`[0m
  [4;36;1mSQL (0.1ms)[0m   [0;1mSAVEPOINT active_record_1[0m
  [4;35;1mSession Create (0.3ms)[0m   [0mINSERT INTO `sessions` (`created_at`, `session_key`, `updated_at`, `user_id`, `ip`, `login_time`) VALUES('2010-01-19 18:54:44', 'abcd223456789def', '2010-01-19 18:54:44', 10001, '2.2.2.2', NULL)[0m
  [4;36;1mSQL (0.1ms)[0m   [0;1mRELEASE SAVEPOINT active_record_1[0m
  [4;35;1mSQL (1.1ms)[0m   [0mROLLBACK[0m
  [4;36;1mSQL (0.2ms)[0m   [0;1mSET NAMES 'UTF8'[0m
  [4;35;1mSQL (0.1ms)[0m   [0mSET SQL_AUTO_IS_NULL=0[0m
  [4;36;1mSQL (0.1ms)[0m   [0;1mBEGIN[0m
  [4;35;1mSite Columns (1.5ms)[0m   [0mSHOW FIELDS FROM `sites`[0m
  [4;36;1mSQL (0.1ms)[0m   [0;1mSAVEPOINT active_record_1[0m
  [4;35;1mSite Create (0.3ms)[0m   [0mINSERT INTO `sites` (`name`, `created_at`, `updated_at`, `regist_key`, `ip`) VALUES('kerker', '2010-01-19 18:56:06', '2010-01-19 18:56:06', '1234567890', '1.1.1.1')[0m
  [4;36;1mSQL (0.1ms)[0m   [0;1mRELEASE SAVEPOINT active_record_1[0m
  [4;35;1mSession Columns (1.2ms)[0m   [0mSHOW FIELDS FROM `sessions`[0m
  [4;36;1mSQL (0.1ms)[0m   [0;1mSAVEPOINT active_record_1[0m
  [4;35;1mSession Create (0.3ms)[0m   [0mINSERT INTO `sessions` (`created_at`, `session_key`, `updated_at`, `user_id`, `ip`, `login_time`) VALUES('2010-01-19 18:56:06', 'abcd223456789def', '2010-01-19 18:56:06', 10001, '2.2.2.2', NULL)[0m
  [4;36;1mSQL (0.1ms)[0m   [0;1mRELEASE SAVEPOINT active_record_1[0m
  [4;35;1mSQL (1.5ms)[0m   [0mROLLBACK[0m
  [4;36;1mSQL (0.3ms)[0m   [0;1mSET NAMES 'UTF8'[0m
  [4;35;1mSQL (0.1ms)[0m   [0mSET SQL_AUTO_IS_NULL=0[0m
  [4;36;1mSQL (0.1ms)[0m   [0;1mBEGIN[0m
  [4;35;1mSite Columns (1.4ms)[0m   [0mSHOW FIELDS FROM `sites`[0m
  [4;36;1mSQL (0.1ms)[0m   [0;1mSAVEPOINT active_record_1[0m
  [4;35;1mSite Create (0.3ms)[0m   [0mINSERT INTO `sites` (`name`, `created_at`, `updated_at`, `regist_key`, `ip`) VALUES('kerker', '2010-01-19 18:56:43', '2010-01-19 18:56:43', '1234567890', '1.1.1.1')[0m
  [4;36;1mSQL (0.1ms)[0m   [0;1mRELEASE SAVEPOINT active_record_1[0m
  [4;35;1mSession Columns (1.2ms)[0m   [0mSHOW FIELDS FROM `sessions`[0m
  [4;36;1mSQL (0.1ms)[0m   [0;1mSAVEPOINT active_record_1[0m
  [4;35;1mSession Create (0.3ms)[0m   [0mINSERT INTO `sessions` (`created_at`, `session_key`, `updated_at`, `user_id`, `ip`, `login_time`) VALUES('2010-01-19 18:56:43', 'abcd223456789def', '2010-01-19 18:56:43', 10001, '2.2.2.2', NULL)[0m
  [4;36;1mSQL (0.1ms)[0m   [0;1mRELEASE SAVEPOINT active_record_1[0m
  [4;35;1mSQL (1.1ms)[0m   [0mROLLBACK[0m
  [4;36;1mSQL (0.2ms)[0m   [0;1mSET NAMES 'UTF8'[0m
  [4;35;1mSQL (0.1ms)[0m   [0mSET SQL_AUTO_IS_NULL=0[0m
  [4;36;1mSQL (0.1ms)[0m   [0;1mBEGIN[0m
  [4;35;1mSite Columns (1.4ms)[0m   [0mSHOW FIELDS FROM `sites`[0m
  [4;36;1mSQL (0.1ms)[0m   [0;1mSAVEPOINT active_record_1[0m
  [4;35;1mSite Create (0.3ms)[0m   [0mINSERT INTO `sites` (`name`, `created_at`, `updated_at`, `regist_key`, `ip`) VALUES('kerker', '2010-01-19 18:57:07', '2010-01-19 18:57:07', '1234567890', '1.1.1.1')[0m
  [4;36;1mSQL (0.1ms)[0m   [0;1mRELEASE SAVEPOINT active_record_1[0m
  [4;35;1mSession Columns (1.5ms)[0m   [0mSHOW FIELDS FROM `sessions`[0m
  [4;36;1mSQL (0.1ms)[0m   [0;1mSAVEPOINT active_record_1[0m
  [4;35;1mSession Create (0.3ms)[0m   [0mINSERT INTO `sessions` (`created_at`, `session_key`, `updated_at`, `user_id`, `ip`, `login_time`) VALUES('2010-01-19 18:57:07', 'abcd223456789def', '2010-01-19 18:57:07', 10001, '2.2.2.2', NULL)[0m
  [4;36;1mSQL (0.1ms)[0m   [0;1mRELEASE SAVEPOINT active_record_1[0m
  [4;35;1mSQL (1.1ms)[0m   [0mROLLBACK[0m
  [4;36;1mSQL (0.2ms)[0m   [0;1mSET NAMES 'UTF8'[0m
  [4;35;1mSQL (0.1ms)[0m   [0mSET SQL_AUTO_IS_NULL=0[0m
  [4;36;1mSQL (0.1ms)[0m   [0;1mBEGIN[0m
  [4;35;1mSite Columns (1.4ms)[0m   [0mSHOW FIELDS FROM `sites`[0m
  [4;36;1mSQL (0.1ms)[0m   [0;1mSAVEPOINT active_record_1[0m
  [4;35;1mSite Create (0.3ms)[0m   [0mINSERT INTO `sites` (`name`, `created_at`, `updated_at`, `regist_key`, `ip`) VALUES('kerker', '2010-01-19 18:57:58', '2010-01-19 18:57:58', '1234567890', '1.1.1.1')[0m
  [4;36;1mSQL (0.1ms)[0m   [0;1mRELEASE SAVEPOINT active_record_1[0m
  [4;35;1mSession Columns (1.2ms)[0m   [0mSHOW FIELDS FROM `sessions`[0m
  [4;36;1mSQL (0.1ms)[0m   [0;1mSAVEPOINT active_record_1[0m
  [4;35;1mSession Create (0.3ms)[0m   [0mINSERT INTO `sessions` (`created_at`, `session_key`, `updated_at`, `user_id`, `ip`, `login_time`) VALUES('2010-01-19 18:57:58', 'abcd223456789def', '2010-01-19 18:57:58', 10001, '2.2.2.2', NULL)[0m
  [4;36;1mSQL (0.1ms)[0m   [0;1mRELEASE SAVEPOINT active_record_1[0m
  [4;35;1mUser Columns (1.2ms)[0m   [0mSHOW FIELDS FROM `users`[0m
WARNING: Can't mass-assign these protected attributes: id
  [4;36;1mSQL (0.1ms)[0m   [0;1mSAVEPOINT active_record_1[0m
  [4;35;1mUser Create (0.2ms)[0m   [0mINSERT INTO `users` (`name`, `created_at`, `updated_at`, `email`) VALUES('test_user', '2010-01-19 18:57:58', '2010-01-19 18:57:58', 'tim@iis.ccc.xd')[0m
  [4;36;1mSQL (0.1ms)[0m   [0;1mRELEASE SAVEPOINT active_record_1[0m


Processing SiteController#fetch (for 127.0.0.1 at 2010-01-20 02:57:58) [GET]
Rendering site/fetch
Completed in 9ms (View: 6, DB: 6) | 200 OK [http://example.org/site/fetch]


Processing SiteController#fetch (for 127.0.0.1 at 2010-01-20 02:57:58) [POST]
  Parameters: {"commit"=>"submit", "session_key"=>"abcd123456789def", "regist_key"=>"12345678"}
  [4;35;1mSite Load (0.4ms)[0m   [0mSELECT * FROM `sites` WHERE (`sites`.`regist_key` = '12345678') LIMIT 1[0m
Completed in 3ms (View: 1, DB: 0) | 200 OK [http://example.org/site/fetch]
  [4;36;1mSQL (1.1ms)[0m   [0;1mROLLBACK[0m
  [4;36;1mSQL (0.2ms)[0m   [0;1mSET NAMES 'UTF8'[0m
  [4;35;1mSQL (0.1ms)[0m   [0mSET SQL_AUTO_IS_NULL=0[0m
  [4;36;1mSQL (0.1ms)[0m   [0;1mBEGIN[0m
  [4;35;1mSite Columns (1.4ms)[0m   [0mSHOW FIELDS FROM `sites`[0m
  [4;36;1mSQL (0.1ms)[0m   [0;1mSAVEPOINT active_record_1[0m
  [4;35;1mSite Create (0.3ms)[0m   [0mINSERT INTO `sites` (`name`, `created_at`, `updated_at`, `regist_key`, `ip`) VALUES('kerker', '2010-01-19 18:59:20', '2010-01-19 18:59:20', '1234567890', '1.1.1.1')[0m
  [4;36;1mSQL (0.1ms)[0m   [0;1mRELEASE SAVEPOINT active_record_1[0m
  [4;35;1mSession Columns (1.2ms)[0m   [0mSHOW FIELDS FROM `sessions`[0m
  [4;36;1mSQL (0.1ms)[0m   [0;1mSAVEPOINT active_record_1[0m
  [4;35;1mSession Create (0.3ms)[0m   [0mINSERT INTO `sessions` (`created_at`, `session_key`, `updated_at`, `user_id`, `ip`, `login_time`) VALUES('2010-01-19 18:59:20', 'abcd223456789def', '2010-01-19 18:59:20', 10001, '2.2.2.2', NULL)[0m
  [4;36;1mSQL (0.1ms)[0m   [0;1mRELEASE SAVEPOINT active_record_1[0m
  [4;35;1mUser Columns (1.2ms)[0m   [0mSHOW FIELDS FROM `users`[0m
WARNING: Can't mass-assign these protected attributes: id
  [4;36;1mSQL (0.1ms)[0m   [0;1mSAVEPOINT active_record_1[0m
  [4;35;1mUser Create (0.2ms)[0m   [0mINSERT INTO `users` (`name`, `created_at`, `updated_at`, `email`) VALUES('test_user', '2010-01-19 18:59:20', '2010-01-19 18:59:20', 'tim@iis.ccc.xd')[0m
  [4;36;1mSQL (0.1ms)[0m   [0;1mRELEASE SAVEPOINT active_record_1[0m


Processing SiteController#fetch (for 127.0.0.1 at 2010-01-20 02:59:20) [GET]
Rendering site/fetch
Completed in 9ms (View: 6, DB: 6) | 200 OK [http://example.org/site/fetch]


Processing SiteController#fetch (for 127.0.0.1 at 2010-01-20 02:59:20) [POST]
  Parameters: {"commit"=>"submit", "session_key"=>"abcd123456789def", "regist_key"=>"12345678"}
  [4;35;1mSite Load (0.4ms)[0m   [0mSELECT * FROM `sites` WHERE (`sites`.`regist_key` = '12345678') LIMIT 1[0m
Completed in 3ms (View: 1, DB: 0) | 200 OK [http://example.org/site/fetch]
  [4;36;1mSQL (0.7ms)[0m   [0;1mROLLBACK[0m
  [4;36;1mSQL (0.2ms)[0m   [0;1mSET NAMES 'UTF8'[0m
  [4;35;1mSQL (0.1ms)[0m   [0mSET SQL_AUTO_IS_NULL=0[0m
  [4;36;1mSQL (0.1ms)[0m   [0;1mBEGIN[0m
  [4;35;1mSite Columns (1.5ms)[0m   [0mSHOW FIELDS FROM `sites`[0m
  [4;36;1mSQL (0.1ms)[0m   [0;1mSAVEPOINT active_record_1[0m
  [4;35;1mSite Create (0.3ms)[0m   [0mINSERT INTO `sites` (`name`, `created_at`, `updated_at`, `regist_key`, `ip`) VALUES('kerker', '2010-01-19 19:00:04', '2010-01-19 19:00:04', '1234567890', '1.1.1.1')[0m
  [4;36;1mSQL (0.1ms)[0m   [0;1mRELEASE SAVEPOINT active_record_1[0m
  [4;35;1mSession Columns (1.3ms)[0m   [0mSHOW FIELDS FROM `sessions`[0m
  [4;36;1mSQL (0.1ms)[0m   [0;1mSAVEPOINT active_record_1[0m
  [4;35;1mSession Create (0.3ms)[0m   [0mINSERT INTO `sessions` (`created_at`, `session_key`, `updated_at`, `user_id`, `ip`, `login_time`) VALUES('2010-01-19 19:00:04', 'abcd223456789def', '2010-01-19 19:00:04', 10001, '2.2.2.2', NULL)[0m
  [4;36;1mSQL (0.1ms)[0m   [0;1mRELEASE SAVEPOINT active_record_1[0m
  [4;35;1mUser Columns (1.2ms)[0m   [0mSHOW FIELDS FROM `users`[0m
WARNING: Can't mass-assign these protected attributes: id
  [4;36;1mSQL (0.1ms)[0m   [0;1mSAVEPOINT active_record_1[0m
  [4;35;1mUser Create (0.2ms)[0m   [0mINSERT INTO `users` (`name`, `created_at`, `updated_at`, `email`) VALUES('test_user', '2010-01-19 19:00:04', '2010-01-19 19:00:04', 'tim@iis.ccc.xd')[0m
  [4;36;1mSQL (0.1ms)[0m   [0;1mRELEASE SAVEPOINT active_record_1[0m


Processing SiteController#fetch (for 127.0.0.1 at 2010-01-20 03:00:04) [GET]
Rendering site/fetch
Completed in 10ms (View: 6, DB: 6) | 200 OK [http://example.org/site/fetch]


Processing SiteController#fetch (for 127.0.0.1 at 2010-01-20 03:00:04) [POST]
  Parameters: {"commit"=>"submit", "session_key"=>"abcd123456789def", "regist_key"=>"12345678"}
  [4;35;1mSite Load (0.8ms)[0m   [0mSELECT * FROM `sites` WHERE (`sites`.`regist_key` = '12345678') LIMIT 1[0m
Completed in 3ms (View: 1, DB: 1) | 200 OK [http://example.org/site/fetch]
  [4;36;1mSQL (1.1ms)[0m   [0;1mROLLBACK[0m
  [4;36;1mSQL (0.4ms)[0m   [0;1mSET NAMES 'UTF8'[0m
  [4;35;1mSQL (0.2ms)[0m   [0mSET SQL_AUTO_IS_NULL=0[0m
  [4;36;1mSQL (0.1ms)[0m   [0;1mBEGIN[0m
  [4;35;1mSite Columns (1.5ms)[0m   [0mSHOW FIELDS FROM `sites`[0m
  [4;36;1mSQL (0.1ms)[0m   [0;1mSAVEPOINT active_record_1[0m
  [4;35;1mSite Create (0.3ms)[0m   [0mINSERT INTO `sites` (`name`, `created_at`, `updated_at`, `regist_key`, `ip`) VALUES('kerker', '2010-01-19 19:01:15', '2010-01-19 19:01:15', '1234567890', '1.1.1.1')[0m
  [4;36;1mSQL (0.1ms)[0m   [0;1mRELEASE SAVEPOINT active_record_1[0m
  [4;35;1mSession Columns (1.2ms)[0m   [0mSHOW FIELDS FROM `sessions`[0m
  [4;36;1mSQL (0.1ms)[0m   [0;1mSAVEPOINT active_record_1[0m
  [4;35;1mSession Create (0.3ms)[0m   [0mINSERT INTO `sessions` (`created_at`, `session_key`, `updated_at`, `user_id`, `ip`, `login_time`) VALUES('2010-01-19 19:01:16', 'abcd223456789def', '2010-01-19 19:01:16', 10001, '2.2.2.2', NULL)[0m
  [4;36;1mSQL (0.1ms)[0m   [0;1mRELEASE SAVEPOINT active_record_1[0m
  [4;35;1mUser Columns (1.2ms)[0m   [0mSHOW FIELDS FROM `users`[0m
WARNING: Can't mass-assign these protected attributes: id
  [4;36;1mSQL (0.2ms)[0m   [0;1mSAVEPOINT active_record_1[0m
  [4;35;1mUser Create (0.3ms)[0m   [0mINSERT INTO `users` (`name`, `created_at`, `updated_at`, `email`) VALUES('test_user', '2010-01-19 19:01:16', '2010-01-19 19:01:16', 'tim@iis.ccc.xd')[0m
  [4;36;1mSQL (0.1ms)[0m   [0;1mRELEASE SAVEPOINT active_record_1[0m


Processing SiteController#fetch (for 127.0.0.1 at 2010-01-20 03:01:16) [GET]
Rendering site/fetch
Completed in 11ms (View: 6, DB: 6) | 200 OK [http://example.org/site/fetch]


Processing SiteController#fetch (for 127.0.0.1 at 2010-01-20 03:01:16) [POST]
  Parameters: {"commit"=>"submit", "session_key"=>"abcd123456789def", "regist_key"=>"12345678"}
  [4;35;1mSite Load (0.5ms)[0m   [0mSELECT * FROM `sites` WHERE (`sites`.`regist_key` = '12345678') LIMIT 1[0m
Completed in 4ms (View: 1, DB: 1) | 200 OK [http://example.org/site/fetch]
  [4;36;1mSQL (62.9ms)[0m   [0;1mROLLBACK[0m
  [4;36;1mSQL (0.2ms)[0m   [0;1mSET NAMES 'UTF8'[0m
  [4;35;1mSQL (0.2ms)[0m   [0mSET SQL_AUTO_IS_NULL=0[0m
  [4;36;1mSQL (0.1ms)[0m   [0;1mBEGIN[0m
  [4;35;1mSite Columns (1.5ms)[0m   [0mSHOW FIELDS FROM `sites`[0m
  [4;36;1mSQL (0.1ms)[0m   [0;1mSAVEPOINT active_record_1[0m
  [4;35;1mSite Create (0.3ms)[0m   [0mINSERT INTO `sites` (`name`, `created_at`, `updated_at`, `regist_key`, `ip`) VALUES('kerker', '2010-01-19 19:01:47', '2010-01-19 19:01:47', '1234567890', '1.1.1.1')[0m
  [4;36;1mSQL (0.1ms)[0m   [0;1mRELEASE SAVEPOINT active_record_1[0m
  [4;35;1mSession Columns (1.2ms)[0m   [0mSHOW FIELDS FROM `sessions`[0m
  [4;36;1mSQL (0.1ms)[0m   [0;1mSAVEPOINT active_record_1[0m
  [4;35;1mSession Create (0.3ms)[0m   [0mINSERT INTO `sessions` (`created_at`, `session_key`, `updated_at`, `user_id`, `ip`, `login_time`) VALUES('2010-01-19 19:01:47', 'abcd223456789def', '2010-01-19 19:01:47', 10001, '2.2.2.2', NULL)[0m
  [4;36;1mSQL (0.1ms)[0m   [0;1mRELEASE SAVEPOINT active_record_1[0m
  [4;35;1mUser Columns (1.2ms)[0m   [0mSHOW FIELDS FROM `users`[0m
WARNING: Can't mass-assign these protected attributes: id
  [4;36;1mSQL (0.2ms)[0m   [0;1mSAVEPOINT active_record_1[0m
  [4;35;1mUser Create (0.3ms)[0m   [0mINSERT INTO `users` (`name`, `created_at`, `updated_at`, `email`) VALUES('test_user', '2010-01-19 19:01:47', '2010-01-19 19:01:47', 'tim@iis.ccc.xd')[0m
  [4;36;1mSQL (0.1ms)[0m   [0;1mRELEASE SAVEPOINT active_record_1[0m


Processing SiteController#fetch (for 127.0.0.1 at 2010-01-20 03:01:47) [GET]
Rendering site/fetch
Completed in 10ms (View: 6, DB: 6) | 200 OK [http://example.org/site/fetch]


Processing SiteController#fetch (for 127.0.0.1 at 2010-01-20 03:01:47) [POST]
  Parameters: {"commit"=>"submit", "session_key"=>"abcd123456789def", "regist_key"=>"1234567890"}
  [4;35;1mSite Load (0.4ms)[0m   [0mSELECT * FROM `sites` WHERE (`sites`.`regist_key` = '1234567890') LIMIT 1[0m
  [4;36;1mSession Load (0.3ms)[0m   [0;1mSELECT * FROM `sessions` WHERE (`sessions`.`session_key` = 'abcd123456789def') LIMIT 1[0m
Completed in 4ms (View: 1, DB: 1) | 200 OK [http://example.org/site/fetch]
  [4;35;1mSQL (10.6ms)[0m   [0mROLLBACK[0m
  [4;36;1mSQL (0.2ms)[0m   [0;1mSET NAMES 'UTF8'[0m
  [4;35;1mSQL (0.1ms)[0m   [0mSET SQL_AUTO_IS_NULL=0[0m
  [4;36;1mSQL (0.1ms)[0m   [0;1mBEGIN[0m
  [4;35;1mSite Columns (1.5ms)[0m   [0mSHOW FIELDS FROM `sites`[0m
  [4;36;1mSQL (0.1ms)[0m   [0;1mSAVEPOINT active_record_1[0m
  [4;35;1mSite Create (0.3ms)[0m   [0mINSERT INTO `sites` (`name`, `created_at`, `updated_at`, `regist_key`, `ip`) VALUES('kerker', '2010-01-19 19:02:22', '2010-01-19 19:02:22', '1234567890', '1.1.1.1')[0m
  [4;36;1mSQL (0.1ms)[0m   [0;1mRELEASE SAVEPOINT active_record_1[0m
  [4;35;1mSession Columns (1.2ms)[0m   [0mSHOW FIELDS FROM `sessions`[0m
  [4;36;1mSQL (0.1ms)[0m   [0;1mSAVEPOINT active_record_1[0m
  [4;35;1mSession Create (0.3ms)[0m   [0mINSERT INTO `sessions` (`created_at`, `session_key`, `updated_at`, `user_id`, `ip`, `login_time`) VALUES('2010-01-19 19:02:22', 'abcd223456789def', '2010-01-19 19:02:22', 10001, '2.2.2.2', NULL)[0m
  [4;36;1mSQL (0.1ms)[0m   [0;1mRELEASE SAVEPOINT active_record_1[0m
  [4;35;1mUser Columns (1.2ms)[0m   [0mSHOW FIELDS FROM `users`[0m
WARNING: Can't mass-assign these protected attributes: id
  [4;36;1mSQL (0.1ms)[0m   [0;1mSAVEPOINT active_record_1[0m
  [4;35;1mUser Create (0.2ms)[0m   [0mINSERT INTO `users` (`name`, `created_at`, `updated_at`, `email`) VALUES('test_user', '2010-01-19 19:02:22', '2010-01-19 19:02:22', 'tim@iis.ccc.xd')[0m
  [4;36;1mSQL (0.1ms)[0m   [0;1mRELEASE SAVEPOINT active_record_1[0m


Processing SiteController#fetch (for 127.0.0.1 at 2010-01-20 03:02:22) [GET]
Rendering site/fetch
Completed in 10ms (View: 6, DB: 6) | 200 OK [http://example.org/site/fetch]


Processing SiteController#fetch (for 127.0.0.1 at 2010-01-20 03:02:22) [POST]
  Parameters: {"commit"=>"submit", "session_key"=>"abcd223456789def", "regist_key"=>"1234567890"}
  [4;35;1mSite Load (0.4ms)[0m   [0mSELECT * FROM `sites` WHERE (`sites`.`regist_key` = '1234567890') LIMIT 1[0m
  [4;36;1mSession Load (0.3ms)[0m   [0;1mSELECT * FROM `sessions` WHERE (`sessions`.`session_key` = 'abcd223456789def') LIMIT 1[0m
  [4;35;1mUser Load (0.3ms)[0m   [0mSELECT * FROM `users` WHERE (`users`.`id` = 10001) [0m


Processing ApplicationController#fetch (for 127.0.0.1 at 2010-01-20 03:02:22) [POST]
  Parameters: {"commit"=>"submit", "session_key"=>"abcd223456789def", "regist_key"=>"1234567890"}
  [4;36;1mSQL (1.1ms)[0m   [0;1mROLLBACK[0m
  [4;36;1mSQL (0.2ms)[0m   [0;1mSET NAMES 'UTF8'[0m
  [4;35;1mSQL (0.1ms)[0m   [0mSET SQL_AUTO_IS_NULL=0[0m
  [4;36;1mSQL (0.1ms)[0m   [0;1mBEGIN[0m
  [4;35;1mSite Columns (1.5ms)[0m   [0mSHOW FIELDS FROM `sites`[0m
  [4;36;1mSQL (0.1ms)[0m   [0;1mSAVEPOINT active_record_1[0m
  [4;35;1mSite Create (0.3ms)[0m   [0mINSERT INTO `sites` (`name`, `created_at`, `updated_at`, `regist_key`, `ip`) VALUES('kerker', '2010-01-19 19:03:49', '2010-01-19 19:03:49', '1234567890', '1.1.1.1')[0m
  [4;36;1mSQL (0.1ms)[0m   [0;1mRELEASE SAVEPOINT active_record_1[0m
  [4;35;1mSession Columns (1.3ms)[0m   [0mSHOW FIELDS FROM `sessions`[0m
  [4;36;1mSQL (0.1ms)[0m   [0;1mSAVEPOINT active_record_1[0m
  [4;35;1mSession Create (0.3ms)[0m   [0mINSERT INTO `sessions` (`created_at`, `session_key`, `updated_at`, `user_id`, `ip`, `login_time`) VALUES('2010-01-19 19:03:49', 'abcd223456789def', '2010-01-19 19:03:49', 10001, '2.2.2.2', NULL)[0m
  [4;36;1mSQL (0.1ms)[0m   [0;1mRELEASE SAVEPOINT active_record_1[0m
  [4;35;1mUser Columns (1.2ms)[0m   [0mSHOW FIELDS FROM `users`[0m
WARNING: Can't mass-assign these protected attributes: id
  [4;36;1mSQL (0.1ms)[0m   [0;1mSAVEPOINT active_record_1[0m
  [4;35;1mUser Create (0.2ms)[0m   [0mINSERT INTO `users` (`name`, `created_at`, `updated_at`, `email`) VALUES('test_user', '2010-01-19 19:03:49', '2010-01-19 19:03:49', 'tim@iis.ccc.xd')[0m
  [4;36;1mSQL (0.1ms)[0m   [0;1mRELEASE SAVEPOINT active_record_1[0m


Processing SiteController#fetch (for 127.0.0.1 at 2010-01-20 03:03:49) [GET]
Rendering site/fetch
Completed in 9ms (View: 6, DB: 6) | 200 OK [http://example.org/site/fetch]


Processing SiteController#fetch (for 127.0.0.1 at 2010-01-20 03:03:49) [POST]
  Parameters: {"commit"=>"submit", "session_key"=>"abcd223456789def", "regist_key"=>"1234567890"}
  [4;35;1mSite Load (0.4ms)[0m   [0mSELECT * FROM `sites` WHERE (`sites`.`regist_key` = '1234567890') LIMIT 1[0m
  [4;36;1mSession Load (0.3ms)[0m   [0;1mSELECT * FROM `sessions` WHERE (`sessions`.`session_key` = 'abcd223456789def') LIMIT 1[0m
  [4;35;1mUser Load (0.3ms)[0m   [0mSELECT * FROM `users` WHERE (`users`.`id` = 10001) [0m


Processing ApplicationController#fetch (for 127.0.0.1 at 2010-01-20 03:03:49) [POST]
  Parameters: {"commit"=>"submit", "session_key"=>"abcd223456789def", "regist_key"=>"1234567890"}
  [4;36;1mSQL (1.1ms)[0m   [0;1mROLLBACK[0m
  [4;36;1mSQL (0.2ms)[0m   [0;1mSET NAMES 'UTF8'[0m
  [4;35;1mSQL (0.3ms)[0m   [0mSET SQL_AUTO_IS_NULL=0[0m
  [4;36;1mSQL (0.1ms)[0m   [0;1mBEGIN[0m
  [4;35;1mSite Columns (1.4ms)[0m   [0mSHOW FIELDS FROM `sites`[0m
  [4;36;1mSQL (0.1ms)[0m   [0;1mSAVEPOINT active_record_1[0m
  [4;35;1mSite Create (0.3ms)[0m   [0mINSERT INTO `sites` (`name`, `created_at`, `updated_at`, `regist_key`, `ip`) VALUES('kerker', '2010-01-19 19:05:33', '2010-01-19 19:05:33', '1234567890', '1.1.1.1')[0m
  [4;36;1mSQL (0.1ms)[0m   [0;1mRELEASE SAVEPOINT active_record_1[0m
  [4;35;1mSession Columns (1.2ms)[0m   [0mSHOW FIELDS FROM `sessions`[0m
  [4;36;1mSQL (0.1ms)[0m   [0;1mSAVEPOINT active_record_1[0m
  [4;35;1mSession Create (0.3ms)[0m   [0mINSERT INTO `sessions` (`created_at`, `session_key`, `updated_at`, `user_id`, `ip`, `login_time`) VALUES('2010-01-19 19:05:33', 'abcd223456789def', '2010-01-19 19:05:33', 10001, '2.2.2.2', NULL)[0m
  [4;36;1mSQL (0.1ms)[0m   [0;1mRELEASE SAVEPOINT active_record_1[0m
  [4;35;1mUser Columns (1.1ms)[0m   [0mSHOW FIELDS FROM `users`[0m
WARNING: Can't mass-assign these protected attributes: id
  [4;36;1mSQL (0.1ms)[0m   [0;1mSAVEPOINT active_record_1[0m
  [4;35;1mUser Create (0.3ms)[0m   [0mINSERT INTO `users` (`name`, `created_at`, `updated_at`, `email`) VALUES('test_user', '2010-01-19 19:05:33', '2010-01-19 19:05:33', 'tim@iis.ccc.xd')[0m
  [4;36;1mSQL (0.1ms)[0m   [0;1mRELEASE SAVEPOINT active_record_1[0m


Processing SiteController#fetch (for 127.0.0.1 at 2010-01-20 03:05:33) [GET]
Rendering site/fetch
Completed in 10ms (View: 6, DB: 6) | 200 OK [http://example.org/site/fetch]


Processing SiteController#fetch (for 127.0.0.1 at 2010-01-20 03:05:33) [POST]
  Parameters: {"commit"=>"submit", "session_key"=>"abcd223456789def", "regist_key"=>"1234567890"}
  [4;35;1mSite Load (0.4ms)[0m   [0mSELECT * FROM `sites` WHERE (`sites`.`regist_key` = '1234567890') LIMIT 1[0m
  [4;36;1mSession Load (0.3ms)[0m   [0;1mSELECT * FROM `sessions` WHERE (`sessions`.`session_key` = 'abcd223456789def') LIMIT 1[0m
Completed in 5ms (View: 1, DB: 1) | 200 OK [http://example.org/site/fetch]
  [4;35;1mSQL (1.1ms)[0m   [0mROLLBACK[0m
  [4;36;1mSQL (0.2ms)[0m   [0;1mSET NAMES 'UTF8'[0m
  [4;35;1mSQL (0.1ms)[0m   [0mSET SQL_AUTO_IS_NULL=0[0m
  [4;36;1mSQL (0.1ms)[0m   [0;1mBEGIN[0m


Processing SiteController#regist (for 127.0.0.1 at 2010-01-20 03:09:36) [GET]
  [4;35;1mSite Columns (1.4ms)[0m   [0mSHOW FIELDS FROM `sites`[0m
Rendering site/regist
Completed in 26ms (View: 20, DB: 2) | 200 OK [http://example.org/site/regist]


Processing SiteController#regist (for 127.0.0.1 at 2010-01-20 03:09:36) [POST]
  Parameters: {"name"=>"test-sp", "commit"=>"submit", "destroy_session_url"=>"dsry_url", "create_session_url"=>"crt_url", "ip"=>"1.2.3.4"}
  [4;36;1mSQL (0.1ms)[0m   [0;1mSAVEPOINT active_record_1[0m
  [4;35;1mSite Create (0.3ms)[0m   [0mINSERT INTO `sites` (`name`, `created_at`, `updated_at`, `regist_key`, `ip`) VALUES('test-sp', '2010-01-19 19:09:36', '2010-01-19 19:09:36', '1bf91720-e75c-012c-c16d-0011254f08ff', '1.2.3.4')[0m
  [4;36;1mSQL (0.1ms)[0m   [0;1mRELEASE SAVEPOINT active_record_1[0m
  [4;35;1mUrl Columns (1.2ms)[0m   [0mSHOW FIELDS FROM `urls`[0m
  [4;36;1mSQL (0.1ms)[0m   [0;1mSAVEPOINT active_record_1[0m
  [4;35;1mUrl Create (0.3ms)[0m   [0mINSERT INTO `urls` (`created_at`, `updated_at`, `action`, `content`, `site_id`) VALUES('2010-01-19 19:09:36', '2010-01-19 19:09:36', 'create', 'crt_url', 1)[0m
  [4;36;1mSQL (0.1ms)[0m   [0;1mRELEASE SAVEPOINT active_record_1[0m
  [4;35;1mSQL (0.1ms)[0m   [0mSAVEPOINT active_record_1[0m
  [4;36;1mUrl Create (0.2ms)[0m   [0;1mINSERT INTO `urls` (`created_at`, `updated_at`, `action`, `content`, `site_id`) VALUES('2010-01-19 19:09:36', '2010-01-19 19:09:36', 'destroy', 'dsry_url', 1)[0m
  [4;35;1mSQL (0.1ms)[0m   [0mRELEASE SAVEPOINT active_record_1[0m
Completed in 51ms (View: 1, DB: 3) | 200 OK [http://example.org/site/regist]
  [4;36;1mSQL (1.0ms)[0m   [0;1mROLLBACK[0m
  [4;35;1mSQL (0.1ms)[0m   [0mBEGIN[0m
  [4;36;1mSQL (0.1ms)[0m   [0;1mSAVEPOINT active_record_1[0m
  [4;35;1mSite Create (0.3ms)[0m   [0mINSERT INTO `sites` (`name`, `created_at`, `updated_at`, `regist_key`, `ip`) VALUES('kerker', '2010-01-19 19:09:36', '2010-01-19 19:09:36', '1234567890', '1.1.1.1')[0m
  [4;36;1mSQL (0.1ms)[0m   [0;1mRELEASE SAVEPOINT active_record_1[0m


Processing SiteController#deregist (for 127.0.0.1 at 2010-01-20 03:09:36) [GET]
Rendering site/deregist
Completed in 4ms (View: 3, DB: 2) | 200 OK [http://example.org/site/deregist]


Processing SiteController#deregist (for 127.0.0.1 at 2010-01-20 03:09:36) [POST]
  Parameters: {"commit"=>"submit", "regist_key"=>"1234567890"}
  [4;35;1mSite Load (0.4ms)[0m   [0mSELECT * FROM `sites` WHERE (`sites`.`regist_key` = '1234567890') LIMIT 1[0m
  [4;36;1mSite Delete all (0.3ms)[0m   [0;1mDELETE FROM `sites` WHERE (`id` IN (2)) [0m
Completed in 4ms (View: 1, DB: 1) | 200 OK [http://example.org/site/deregist]
  [4;35;1mSQL (1.0ms)[0m   [0mROLLBACK[0m
  [4;36;1mSQL (0.1ms)[0m   [0;1mBEGIN[0m
  [4;35;1mSQL (0.1ms)[0m   [0mSAVEPOINT active_record_1[0m
  [4;36;1mSite Create (0.3ms)[0m   [0;1mINSERT INTO `sites` (`name`, `created_at`, `updated_at`, `regist_key`, `ip`) VALUES('kerker', '2010-01-19 19:09:36', '2010-01-19 19:09:36', '1234567890', '1.1.1.1')[0m
  [4;35;1mSQL (0.1ms)[0m   [0mRELEASE SAVEPOINT active_record_1[0m
  [4;36;1mSession Columns (1.2ms)[0m   [0;1mSHOW FIELDS FROM `sessions`[0m
  [4;35;1mSQL (0.1ms)[0m   [0mSAVEPOINT active_record_1[0m
  [4;36;1mSession Create (0.3ms)[0m   [0;1mINSERT INTO `sessions` (`created_at`, `session_key`, `updated_at`, `user_id`, `ip`, `login_time`) VALUES('2010-01-19 19:09:36', 'abcd223456789def', '2010-01-19 19:09:36', 10001, '2.2.2.2', NULL)[0m
  [4;35;1mSQL (0.1ms)[0m   [0mRELEASE SAVEPOINT active_record_1[0m
  [4;36;1mUser Columns (1.2ms)[0m   [0;1mSHOW FIELDS FROM `users`[0m
  [4;35;1mSQL (1.0ms)[0m   [0mROLLBACK[0m
  [4;36;1mSQL (0.1ms)[0m   [0;1mBEGIN[0m
  [4;35;1mSQL (0.1ms)[0m   [0mROLLBACK[0m
  [4;36;1mSQL (0.1ms)[0m   [0;1mBEGIN[0m
  [4;35;1mSQL (0.1ms)[0m   [0mROLLBACK[0m
  [4;36;1mSQL (0.2ms)[0m   [0;1mSET NAMES 'UTF8'[0m
  [4;35;1mSQL (0.1ms)[0m   [0mSET SQL_AUTO_IS_NULL=0[0m
  [4;36;1mSQL (0.1ms)[0m   [0;1mBEGIN[0m
  [4;35;1mSite Columns (1.5ms)[0m   [0mSHOW FIELDS FROM `sites`[0m
  [4;36;1mSQL (0.1ms)[0m   [0;1mSAVEPOINT active_record_1[0m
  [4;35;1mSite Create (0.3ms)[0m   [0mINSERT INTO `sites` (`name`, `created_at`, `updated_at`, `regist_key`, `ip`) VALUES('kerker', '2010-01-19 19:10:44', '2010-01-19 19:10:44', '1234567890', '1.1.1.1')[0m
  [4;36;1mSQL (0.1ms)[0m   [0;1mRELEASE SAVEPOINT active_record_1[0m
  [4;35;1mSession Columns (1.2ms)[0m   [0mSHOW FIELDS FROM `sessions`[0m
  [4;36;1mSQL (0.1ms)[0m   [0;1mSAVEPOINT active_record_1[0m
  [4;35;1mSession Create (0.3ms)[0m   [0mINSERT INTO `sessions` (`created_at`, `session_key`, `updated_at`, `user_id`, `ip`, `login_time`) VALUES('2010-01-19 19:10:44', 'abcd223456789def', '2010-01-19 19:10:44', 10001, '2.2.2.2', NULL)[0m
  [4;36;1mSQL (0.1ms)[0m   [0;1mRELEASE SAVEPOINT active_record_1[0m
  [4;35;1mUser Columns (1.2ms)[0m   [0mSHOW FIELDS FROM `users`[0m
  [4;36;1mSQL (0.1ms)[0m   [0;1mSAVEPOINT active_record_1[0m
  [4;35;1mUser Create (0.3ms)[0m   [0mINSERT INTO `users` (`name`, `created_at`, `updated_at`, `id`, `email`) VALUES('test_user', '2010-01-19 19:10:44', '2010-01-19 19:10:44', 10001, 'tim@iis.ccc.xd')[0m
  [4;36;1mSQL (0.1ms)[0m   [0;1mRELEASE SAVEPOINT active_record_1[0m


Processing SiteController#fetch (for 127.0.0.1 at 2010-01-20 03:10:44) [GET]
Rendering site/fetch
Completed in 9ms (View: 6, DB: 6) | 200 OK [http://example.org/site/fetch]


Processing SiteController#fetch (for 127.0.0.1 at 2010-01-20 03:10:44) [POST]
  Parameters: {"commit"=>"submit", "session_key"=>"abcd223456789def", "regist_key"=>"1234567890"}
  [4;35;1mSite Load (0.4ms)[0m   [0mSELECT * FROM `sites` WHERE (`sites`.`regist_key` = '1234567890') LIMIT 1[0m
  [4;36;1mSession Load (0.3ms)[0m   [0;1mSELECT * FROM `sessions` WHERE (`sessions`.`session_key` = 'abcd223456789def') LIMIT 1[0m
  [4;35;1mUser Load (0.4ms)[0m   [0mSELECT * FROM `users` WHERE (`users`.`id` = 10001) [0m
Completed in 6ms (View: 1, DB: 1) | 200 OK [http://example.org/site/fetch]
  [4;36;1mSQL (1.0ms)[0m   [0;1mROLLBACK[0m
  [4;35;1mSQL (0.1ms)[0m   [0mBEGIN[0m
  [4;36;1mSQL (0.1ms)[0m   [0;1mROLLBACK[0m
  [4;35;1mSQL (0.1ms)[0m   [0mBEGIN[0m
  [4;36;1mSQL (0.1ms)[0m   [0;1mSAVEPOINT active_record_1[0m
  [4;35;1mUser Create (0.3ms)[0m   [0mINSERT INTO `users` (`name`, `created_at`, `updated_at`, `email`) VALUES('name 1', '2010-01-19 19:10:44', '2010-01-19 19:10:44', 'email 1')[0m
  [4;36;1mSQL (0.1ms)[0m   [0;1mRELEASE SAVEPOINT active_record_1[0m
  [4;35;1mSQL (0.1ms)[0m   [0mSAVEPOINT active_record_1[0m
  [4;36;1mUser Create (0.2ms)[0m   [0;1mINSERT INTO `users` (`name`, `created_at`, `updated_at`, `email`) VALUES('name 2', '2010-01-19 19:10:44', '2010-01-19 19:10:44', 'email 2')[0m
  [4;35;1mSQL (0.1ms)[0m   [0mRELEASE SAVEPOINT active_record_1[0m
  [4;36;1mSQL (0.1ms)[0m   [0;1mSAVEPOINT active_record_1[0m
  [4;35;1mUser Create (0.2ms)[0m   [0mINSERT INTO `users` (`name`, `created_at`, `updated_at`, `email`) VALUES('name 3', '2010-01-19 19:10:44', '2010-01-19 19:10:44', 'email 3')[0m
  [4;36;1mSQL (0.1ms)[0m   [0;1mRELEASE SAVEPOINT active_record_1[0m
  [4;35;1mSQL (0.1ms)[0m   [0mSAVEPOINT active_record_1[0m
  [4;36;1mUser Create (0.2ms)[0m   [0;1mINSERT INTO `users` (`name`, `created_at`, `updated_at`, `email`) VALUES('name 4', '2010-01-19 19:10:44', '2010-01-19 19:10:44', 'email 4')[0m
  [4;35;1mSQL (0.1ms)[0m   [0mRELEASE SAVEPOINT active_record_1[0m
  [4;36;1mSQL (1.0ms)[0m   [0;1mROLLBACK[0m
