  [4;36;1mSQL (0.2ms)[0m   [0;1mSET NAMES 'UTF8'[0m
  [4;35;1mSQL (0.1ms)[0m   [0mSET SQL_AUTO_IS_NULL=0[0m
  [4;36;1mSQL (0.5ms)[0m   [0;1mSHOW TABLES[0m
  [4;35;1mSQL (2.7ms)[0m   [0mCREATE TABLE `schema_migrations` (`version` varchar(255) NOT NULL) ENGINE=InnoDB[0m
  [4;36;1mSQL (28.2ms)[0m   [0;1mCREATE UNIQUE INDEX `unique_schema_migrations` ON `schema_migrations` (`version`)[0m
  [4;35;1mSQL (0.4ms)[0m   [0mSHOW TABLES[0m
  [4;36;1mSQL (0.3ms)[0m   [0;1mSELECT version FROM schema_migrations[0m
Migrating to CreateAccounts (20100113233823)
  [4;35;1mSQL (2.3ms)[0m   [0mCREATE TABLE `accounts` (`id` int(11) DEFAULT NULL auto_increment PRIMARY KEY, `name` varchar(255), `password` varchar(255), `email` varchar(255), `created_at` datetime, `updated_at` datetime) ENGINE=InnoDB[0m
  [4;36;1mSQL (0.7ms)[0m   [0;1mINSERT INTO schema_migrations (version) VALUES ('20100113233823')[0m
  [4;35;1mSQL (0.4ms)[0m   [0mSHOW TABLES[0m
  [4;36;1mSQL (0.2ms)[0m   [0;1mSELECT version FROM schema_migrations[0m
  [4;35;1mSQL (0.3ms)[0m   [0mSHOW TABLES[0m
  [4;36;1mSQL (1.8ms)[0m   [0;1mSHOW FIELDS FROM `accounts`[0m
  [4;35;1mSQL (17.0ms)[0m   [0mdescribe `accounts`[0m
  [4;36;1mSQL (0.5ms)[0m   [0;1mSHOW KEYS FROM `accounts`[0m
  [4;36;1mSQL (0.2ms)[0m   [0;1mSET NAMES 'UTF8'[0m
  [4;35;1mSQL (0.1ms)[0m   [0mSET SQL_AUTO_IS_NULL=0[0m


Processing AccountController#login (for 140.109.21.62 at 2010-01-14 09:06:23) [GET]
Rendering account/login
Completed in 17ms (View: 12, DB: 0) | 200 OK [http://140.109.22.29/]
  [4;36;1mSQL (0.1ms)[0m   [0;1mSET NAMES 'UTF8'[0m
  [4;35;1mSQL (0.1ms)[0m   [0mSET SQL_AUTO_IS_NULL=0[0m


Processing AccountController#login (for 140.109.21.62 at 2010-01-14 09:12:27) [GET]
Rendering account/login
Completed in 12ms (View: 8, DB: 0) | 200 OK [http://140.109.22.29/]
